<?xml version="1.0" encoding="UTF-8"?>
<!-- Generated by org.testng.reporters.JUnitReportReporter -->
<testsuite skipped="0" hostname="chinu" name="practice.A" tests="2" failures="0" timestamp="2022-04-14T00:37:53 IST" time="0.006" errors="0">
  <testcase name="test1" time="0.004" classname="practice.A"/>
  <system-out/>
  <testcase name="test2" time="0.002" classname="practice.A"/>
  <system-out/>
</testsuite> <!-- practice.A -->
